---------------------------------------------------------------
[ 2018-11-12T10:37:23+08:00 ] 127.0.0.1 GET /
[ error ] [2]file_put_contents(/Users/liudanfeng/Documents/www/apidoctool/runtime/temp/31ce92b05aef079e9162a85241fc43ea.php): failed to open stream: Permission denied
[ error ] [11602]缓存写入失败:/Users/liudanfeng/Documents/www/apidoctool/runtime/temp/31ce92b05aef079e9162a85241fc43ea.php
---------------------------------------------------------------
[ 2018-11-12T10:38:26+08:00 ] 127.0.0.1 POST /adminauth/dologin
[ sql ] [ DB ] CONNECT:[ UseTime:0.004084s ] mysql:host=127.0.0.1;dbname=apidoctool;charset=utf8
[ sql ] [ SQL ] SHOW COLUMNS FROM `doc_users` [ RunTime:0.060107s ]
[ sql ] [ SQL ] SELECT * FROM `doc_users` WHERE  `username` = '刘单风'  AND `userpwd` = '06c56a89949d617def52f371c357b6db' LIMIT 1 [ RunTime:0.001103s ]
[ sql ] [ SQL ] SELECT * FROM `doc_users` WHERE  `username` = '刘单风'  AND `userpwd` = '06c56a89949d617def52f371c357b6db' LIMIT 1 [ RunTime:0.002622s ]
---------------------------------------------------------------
[ 2018-11-12T10:38:30+08:00 ] 127.0.0.1 GET /admin/docapis
[ sql ] [ DB ] CONNECT:[ UseTime:0.001221s ] mysql:host=127.0.0.1;dbname=apidoctool;charset=utf8
[ sql ] [ SQL ] SHOW COLUMNS FROM `doc_jurisdiction` [ RunTime:0.009573s ]
[ sql ] [ SQL ] SELECT `projectid` FROM `doc_jurisdiction` WHERE  `userid` = 2  AND `level` = 1 [ RunTime:0.003383s ]
[ sql ] [ SQL ] SHOW COLUMNS FROM `doc_api` [ RunTime:0.014553s ]
[ sql ] [ SQL ] SELECT COUNT(*) AS tp_count FROM `doc_api` WHERE  (  is_logic_del=0 AND projectid IN (1) ) LIMIT 1 [ RunTime:0.008073s ]
[ sql ] [ SQL ] SELECT * FROM `doc_api` WHERE  (  is_logic_del=0 AND projectid IN (1) ) LIMIT 0,20 [ RunTime:0.001303s ]
[ sql ] [ SQL ] SHOW COLUMNS FROM `doc_projects` [ RunTime:0.011301s ]
[ sql ] [ SQL ] SELECT `project_name` FROM `doc_projects` WHERE  `projectid` = 1 LIMIT 1 [ RunTime:0.000594s ]
[ sql ] [ SQL ] SHOW COLUMNS FROM `doc_module` [ RunTime:0.009774s ]
[ sql ] [ SQL ] SELECT `module_name` FROM `doc_module` WHERE  `id` = 50 LIMIT 1 [ RunTime:0.000622s ]
[ sql ] [ SQL ] SHOW COLUMNS FROM `doc_users` [ RunTime:0.003393s ]
[ sql ] [ SQL ] SELECT * FROM `doc_users` WHERE  `userid` = 2 LIMIT 1 [ RunTime:0.000614s ]
[ sql ] [ SQL ] SELECT * FROM `doc_users` WHERE  `userid` = 2 LIMIT 1 [ RunTime:0.000519s ]
[ sql ] [ SQL ] SELECT `project_name` FROM `doc_projects` WHERE  `projectid` = 1 LIMIT 1 [ RunTime:0.000575s ]
[ sql ] [ SQL ] SELECT `module_name` FROM `doc_module` WHERE  `id` = 50 LIMIT 1 [ RunTime:0.000505s ]
[ sql ] [ SQL ] SELECT * FROM `doc_users` WHERE  `userid` = 2 LIMIT 1 [ RunTime:0.000724s ]
[ sql ] [ SQL ] SELECT * FROM `doc_users` WHERE  `userid` = 2 LIMIT 1 [ RunTime:0.001115s ]
[ sql ] [ SQL ] SELECT `project_name` FROM `doc_projects` WHERE  `projectid` = 1 LIMIT 1 [ RunTime:0.000892s ]
[ sql ] [ SQL ] SELECT `module_name` FROM `doc_module` WHERE  `id` = 48 LIMIT 1 [ RunTime:0.000476s ]
[ sql ] [ SQL ] SELECT * FROM `doc_users` WHERE  `userid` = 2 LIMIT 1 [ RunTime:0.000410s ]
[ sql ] [ SQL ] SELECT * FROM `doc_users` WHERE  `userid` = 2 LIMIT 1 [ RunTime:0.000592s ]
[ sql ] [ SQL ] SELECT `project_name` FROM `doc_projects` WHERE  `projectid` = 1 LIMIT 1 [ RunTime:0.001335s ]
[ sql ] [ SQL ] SELECT `module_name` FROM `doc_module` WHERE  `id` = 48 LIMIT 1 [ RunTime:0.000467s ]
[ sql ] [ SQL ] SELECT * FROM `doc_users` WHERE  `userid` = 2 LIMIT 1 [ RunTime:0.001317s ]
[ sql ] [ SQL ] SELECT * FROM `doc_users` WHERE  `userid` = 2 LIMIT 1 [ RunTime:0.000455s ]
[ sql ] [ SQL ] SELECT `project_name` FROM `doc_projects` WHERE  `projectid` = 1 LIMIT 1 [ RunTime:0.000402s ]
[ sql ] [ SQL ] SELECT `module_name` FROM `doc_module` WHERE  `id` = 50 LIMIT 1 [ RunTime:0.000489s ]
[ sql ] [ SQL ] SELECT * FROM `doc_users` WHERE  `userid` = 2 LIMIT 1 [ RunTime:0.000553s ]
[ sql ] [ SQL ] SELECT * FROM `doc_users` WHERE  `userid` = 2 LIMIT 1 [ RunTime:0.000613s ]
[ sql ] [ SQL ] SELECT `project_name` FROM `doc_projects` WHERE  `projectid` = 1 LIMIT 1 [ RunTime:0.000467s ]
[ sql ] [ SQL ] SELECT `module_name` FROM `doc_module` WHERE  `id` = 50 LIMIT 1 [ RunTime:0.000532s ]
[ sql ] [ SQL ] SELECT * FROM `doc_users` WHERE  `userid` = 2 LIMIT 1 [ RunTime:0.000580s ]
[ sql ] [ SQL ] SELECT * FROM `doc_users` WHERE  `userid` = 2 LIMIT 1 [ RunTime:0.000459s ]
[ sql ] [ SQL ] SELECT `project_name` FROM `doc_projects` WHERE  `projectid` = 1 LIMIT 1 [ RunTime:0.000484s ]
[ sql ] [ SQL ] SELECT `module_name` FROM `doc_module` WHERE  `id` = 50 LIMIT 1 [ RunTime:0.000868s ]
[ sql ] [ SQL ] SELECT * FROM `doc_users` WHERE  `userid` = 2 LIMIT 1 [ RunTime:0.000569s ]
[ sql ] [ SQL ] SELECT * FROM `doc_users` WHERE  `userid` = 2 LIMIT 1 [ RunTime:0.000472s ]
[ sql ] [ SQL ] SELECT `project_name` FROM `doc_projects` WHERE  `projectid` = 1 LIMIT 1 [ RunTime:0.000442s ]
[ sql ] [ SQL ] SELECT `module_name` FROM `doc_module` WHERE  `id` = 50 LIMIT 1 [ RunTime:0.000954s ]
[ sql ] [ SQL ] SELECT * FROM `doc_users` WHERE  `userid` = 2 LIMIT 1 [ RunTime:0.000457s ]
[ sql ] [ SQL ] SELECT * FROM `doc_users` WHERE  `userid` = 2 LIMIT 1 [ RunTime:0.000458s ]
[ sql ] [ SQL ] SELECT `project_name` FROM `doc_projects` WHERE  `projectid` = 1 LIMIT 1 [ RunTime:0.000475s ]
[ sql ] [ SQL ] SELECT `module_name` FROM `doc_module` WHERE  `id` = 50 LIMIT 1 [ RunTime:0.000631s ]
[ sql ] [ SQL ] SELECT * FROM `doc_users` WHERE  `userid` = 2 LIMIT 1 [ RunTime:0.000535s ]
[ sql ] [ SQL ] SELECT * FROM `doc_users` WHERE  `userid` = 2 LIMIT 1 [ RunTime:0.000426s ]
[ sql ] [ SQL ] SELECT `project_name` FROM `doc_projects` WHERE  `projectid` = 1 LIMIT 1 [ RunTime:0.000694s ]
[ sql ] [ SQL ] SELECT `module_name` FROM `doc_module` WHERE  `id` = 50 LIMIT 1 [ RunTime:0.000503s ]
[ sql ] [ SQL ] SELECT * FROM `doc_users` WHERE  `userid` = 2 LIMIT 1 [ RunTime:0.000494s ]
[ sql ] [ SQL ] SELECT * FROM `doc_users` WHERE  `userid` = 2 LIMIT 1 [ RunTime:0.000526s ]
[ sql ] [ SQL ] SELECT `project_name` FROM `doc_projects` WHERE  `projectid` = 1 LIMIT 1 [ RunTime:0.000550s ]
[ sql ] [ SQL ] SELECT `module_name` FROM `doc_module` WHERE  `id` = 50 LIMIT 1 [ RunTime:0.000418s ]
[ sql ] [ SQL ] SELECT * FROM `doc_users` WHERE  `userid` = 2 LIMIT 1 [ RunTime:0.000422s ]
[ sql ] [ SQL ] SELECT * FROM `doc_users` WHERE  `userid` = 2 LIMIT 1 [ RunTime:0.001101s ]
[ sql ] [ SQL ] SELECT `project_name` FROM `doc_projects` WHERE  `projectid` = 1 LIMIT 1 [ RunTime:0.000520s ]
[ sql ] [ SQL ] SELECT `module_name` FROM `doc_module` WHERE  `id` = 48 LIMIT 1 [ RunTime:0.000592s ]
[ sql ] [ SQL ] SELECT * FROM `doc_users` WHERE  `userid` = 2 LIMIT 1 [ RunTime:0.000551s ]
[ sql ] [ SQL ] SELECT * FROM `doc_users` WHERE  `userid` = 2 LIMIT 1 [ RunTime:0.000479s ]
[ sql ] [ SQL ] SELECT `project_name` FROM `doc_projects` WHERE  `projectid` = 1 LIMIT 1 [ RunTime:0.000458s ]
[ sql ] [ SQL ] SELECT `module_name` FROM `doc_module` WHERE  `id` = 22 LIMIT 1 [ RunTime:0.000456s ]
[ sql ] [ SQL ] SELECT * FROM `doc_users` WHERE  `userid` = 2 LIMIT 1 [ RunTime:0.000559s ]
[ sql ] [ SQL ] SELECT * FROM `doc_users` WHERE  `userid` = 2 LIMIT 1 [ RunTime:0.000461s ]
[ sql ] [ SQL ] SELECT `project_name` FROM `doc_projects` WHERE  `projectid` = 1 LIMIT 1 [ RunTime:0.000756s ]
[ sql ] [ SQL ] SELECT `module_name` FROM `doc_module` WHERE  `id` = 22 LIMIT 1 [ RunTime:0.000562s ]
[ sql ] [ SQL ] SELECT * FROM `doc_users` WHERE  `userid` = 2 LIMIT 1 [ RunTime:0.000503s ]
[ sql ] [ SQL ] SELECT * FROM `doc_users` WHERE  `userid` = 2 LIMIT 1 [ RunTime:0.000452s ]
[ sql ] [ SQL ] SELECT `project_name` FROM `doc_projects` WHERE  `projectid` = 1 LIMIT 1 [ RunTime:0.001719s ]
[ sql ] [ SQL ] SELECT `module_name` FROM `doc_module` WHERE  `id` = 22 LIMIT 1 [ RunTime:0.001583s ]
[ sql ] [ SQL ] SELECT * FROM `doc_users` WHERE  `userid` = 2 LIMIT 1 [ RunTime:0.000519s ]
[ sql ] [ SQL ] SELECT * FROM `doc_users` WHERE  `userid` = 2 LIMIT 1 [ RunTime:0.000440s ]
[ sql ] [ SQL ] SELECT `project_name` FROM `doc_projects` WHERE  `projectid` = 1 LIMIT 1 [ RunTime:0.000422s ]
[ sql ] [ SQL ] SELECT `module_name` FROM `doc_module` WHERE  `id` = 22 LIMIT 1 [ RunTime:0.000402s ]
[ sql ] [ SQL ] SELECT * FROM `doc_users` WHERE  `userid` = 2 LIMIT 1 [ RunTime:0.000484s ]
[ sql ] [ SQL ] SELECT * FROM `doc_users` WHERE  `userid` = 2 LIMIT 1 [ RunTime:0.000636s ]
[ sql ] [ SQL ] SELECT `project_name` FROM `doc_projects` WHERE  `projectid` = 1 LIMIT 1 [ RunTime:0.001851s ]
[ sql ] [ SQL ] SELECT `module_name` FROM `doc_module` WHERE  `id` = 22 LIMIT 1 [ RunTime:0.000542s ]
[ sql ] [ SQL ] SELECT * FROM `doc_users` WHERE  `userid` = 2 LIMIT 1 [ RunTime:0.000503s ]
[ sql ] [ SQL ] SELECT * FROM `doc_users` WHERE  `userid` = 2 LIMIT 1 [ RunTime:0.000440s ]
[ sql ] [ SQL ] SELECT `project_name` FROM `doc_projects` WHERE  `projectid` = 1 LIMIT 1 [ RunTime:0.002756s ]
[ sql ] [ SQL ] SELECT `module_name` FROM `doc_module` WHERE  `id` = 22 LIMIT 1 [ RunTime:0.000710s ]
[ sql ] [ SQL ] SELECT * FROM `doc_users` WHERE  `userid` = 2 LIMIT 1 [ RunTime:0.000689s ]
[ sql ] [ SQL ] SELECT * FROM `doc_users` WHERE  `userid` = 2 LIMIT 1 [ RunTime:0.000509s ]
[ sql ] [ SQL ] SELECT `project_name` FROM `doc_projects` WHERE  `projectid` = 1 LIMIT 1 [ RunTime:0.000431s ]
[ sql ] [ SQL ] SELECT `module_name` FROM `doc_module` WHERE  `id` = 22 LIMIT 1 [ RunTime:0.001406s ]
[ sql ] [ SQL ] SELECT * FROM `doc_users` WHERE  `userid` = 2 LIMIT 1 [ RunTime:0.000610s ]
[ sql ] [ SQL ] SELECT * FROM `doc_users` WHERE  `userid` = 2 LIMIT 1 [ RunTime:0.000604s ]
[ sql ] [ SQL ] SELECT `project_name` FROM `doc_projects` WHERE  `projectid` = 1 LIMIT 1 [ RunTime:0.000534s ]
[ sql ] [ SQL ] SELECT `module_name` FROM `doc_module` WHERE  `id` = 61 LIMIT 1 [ RunTime:0.000521s ]
[ sql ] [ SQL ] SELECT * FROM `doc_users` WHERE  `userid` = 2 LIMIT 1 [ RunTime:0.000788s ]
[ sql ] [ SQL ] SELECT * FROM `doc_users` WHERE  `userid` = 2 LIMIT 1 [ RunTime:0.000523s ]
---------------------------------------------------------------
[ 2018-11-12T10:38:35+08:00 ] 127.0.0.1 GET /admin/docapis?page=34
[ sql ] [ DB ] CONNECT:[ UseTime:0.001242s ] mysql:host=127.0.0.1;dbname=apidoctool;charset=utf8
[ sql ] [ SQL ] SHOW COLUMNS FROM `doc_jurisdiction` [ RunTime:0.006443s ]
[ sql ] [ SQL ] SELECT `projectid` FROM `doc_jurisdiction` WHERE  `userid` = 2  AND `level` = 1 [ RunTime:0.001094s ]
[ sql ] [ SQL ] SHOW COLUMNS FROM `doc_api` [ RunTime:0.004583s ]
[ sql ] [ SQL ] SELECT COUNT(*) AS tp_count FROM `doc_api` WHERE  (  is_logic_del=0 AND projectid IN (1) ) LIMIT 1 [ RunTime:0.000819s ]
[ sql ] [ SQL ] SELECT * FROM `doc_api` WHERE  (  is_logic_del=0 AND projectid IN (1) ) LIMIT 660,20 [ RunTime:0.001890s ]
[ sql ] [ SQL ] SHOW COLUMNS FROM `doc_projects` [ RunTime:0.004363s ]
[ sql ] [ SQL ] SELECT `project_name` FROM `doc_projects` WHERE  `projectid` = 1 LIMIT 1 [ RunTime:0.000523s ]
[ sql ] [ SQL ] SHOW COLUMNS FROM `doc_module` [ RunTime:0.004571s ]
[ sql ] [ SQL ] SELECT `module_name` FROM `doc_module` WHERE  `id` = 56 LIMIT 1 [ RunTime:0.000501s ]
[ sql ] [ SQL ] SHOW COLUMNS FROM `doc_users` [ RunTime:0.005149s ]
[ sql ] [ SQL ] SELECT * FROM `doc_users` WHERE  `userid` = 2 LIMIT 1 [ RunTime:0.000615s ]
[ sql ] [ SQL ] SELECT * FROM `doc_users` WHERE  `userid` = 2 LIMIT 1 [ RunTime:0.000471s ]
[ sql ] [ SQL ] SELECT `project_name` FROM `doc_projects` WHERE  `projectid` = 1 LIMIT 1 [ RunTime:0.000836s ]
[ sql ] [ SQL ] SELECT `module_name` FROM `doc_module` WHERE  `id` = 56 LIMIT 1 [ RunTime:0.000943s ]
[ sql ] [ SQL ] SELECT * FROM `doc_users` WHERE  `userid` = 2 LIMIT 1 [ RunTime:0.000588s ]
[ sql ] [ SQL ] SELECT * FROM `doc_users` WHERE  `userid` = 2 LIMIT 1 [ RunTime:0.000549s ]
[ sql ] [ SQL ] SELECT `project_name` FROM `doc_projects` WHERE  `projectid` = 1 LIMIT 1 [ RunTime:0.000487s ]
[ sql ] [ SQL ] SELECT `module_name` FROM `doc_module` WHERE  `id` = 56 LIMIT 1 [ RunTime:0.000494s ]
[ sql ] [ SQL ] SELECT * FROM `doc_users` WHERE  `userid` = 2 LIMIT 1 [ RunTime:0.000493s ]
[ sql ] [ SQL ] SELECT * FROM `doc_users` WHERE  `userid` = 2 LIMIT 1 [ RunTime:0.000467s ]
[ sql ] [ SQL ] SELECT `project_name` FROM `doc_projects` WHERE  `projectid` = 1 LIMIT 1 [ RunTime:0.000800s ]
[ sql ] [ SQL ] SELECT `module_name` FROM `doc_module` WHERE  `id` = 56 LIMIT 1 [ RunTime:0.000537s ]
[ sql ] [ SQL ] SELECT * FROM `doc_users` WHERE  `userid` = 2 LIMIT 1 [ RunTime:0.016445s ]
[ sql ] [ SQL ] SELECT * FROM `doc_users` WHERE  `userid` = 2 LIMIT 1 [ RunTime:0.001087s ]
---------------------------------------------------------------
[ 2018-11-12T10:38:40+08:00 ] 127.0.0.1 GET /admin/addDocapi/0/0/664
[ sql ] [ DB ] CONNECT:[ UseTime:0.001603s ] mysql:host=127.0.0.1;dbname=apidoctool;charset=utf8
[ sql ] [ SQL ] SHOW COLUMNS FROM `doc_api` [ RunTime:0.005200s ]
[ sql ] [ SQL ] SELECT * FROM `doc_api` WHERE  `apiid` = 664 LIMIT 1 [ RunTime:0.000926s ]
[ sql ] [ SQL ] SHOW COLUMNS FROM `doc_projects` [ RunTime:0.006623s ]
[ sql ] [ SQL ] SELECT `project_name` FROM `doc_projects` WHERE  `projectid` = 1 LIMIT 1 [ RunTime:0.000885s ]
[ sql ] [ SQL ] SHOW COLUMNS FROM `doc_module` [ RunTime:0.004593s ]
[ sql ] [ SQL ] SELECT `module_name` FROM `doc_module` WHERE  `id` = 56 LIMIT 1 [ RunTime:0.000757s ]
[ sql ] [ SQL ] SHOW COLUMNS FROM `doc_users` [ RunTime:0.004838s ]
[ sql ] [ SQL ] SELECT * FROM `doc_users` WHERE  `userid` = 2 LIMIT 1 [ RunTime:0.000615s ]
[ sql ] [ SQL ] SELECT * FROM `doc_users` WHERE  `userid` = 2 LIMIT 1 [ RunTime:0.000598s ]
[ sql ] [ SQL ] SHOW COLUMNS FROM `doc_params` [ RunTime:0.008539s ]
[ sql ] [ SQL ] SELECT * FROM `doc_params` WHERE  `apiid` = 664  AND `data_type` = 0 [ RunTime:0.008201s ]
[ sql ] [ SQL ] SELECT * FROM `doc_params` WHERE  `apiid` = 664  AND `data_type` = 1 [ RunTime:0.006744s ]
[ sql ] [ SQL ] SHOW COLUMNS FROM `doc_statecode` [ RunTime:0.009338s ]
[ sql ] [ SQL ] SELECT * FROM `doc_statecode` WHERE  `apiid` = 664 [ RunTime:0.000876s ]
[ sql ] [ SQL ] SHOW COLUMNS FROM `doc_jurisdiction` [ RunTime:0.011764s ]
[ sql ] [ SQL ] SELECT `projectid` FROM `doc_jurisdiction` WHERE  `userid` = 2  AND `level` IN (1) [ RunTime:0.001158s ]
[ sql ] [ SQL ] SELECT * FROM `doc_projects` WHERE  `projectid` IN (1)  AND `is_logic_del` = 0 [ RunTime:0.008484s ]
[ sql ] [ SQL ] SELECT `username` FROM `doc_users` WHERE  `userid` = 1 LIMIT 1 [ RunTime:0.008894s ]
[ sql ] [ SQL ] SELECT `projectid` FROM `doc_jurisdiction` WHERE  `userid` = 2  AND `projectid` = 664  AND `level` = 1 [ RunTime:0.003650s ]
[ error ] [8]未定义变量: modules
[ error ] [2]Invalid argument supplied for foreach()
---------------------------------------------------------------
[ 2018-11-12T10:41:33+08:00 ] 127.0.0.1 GET /admin/addDocapi/0/0/664
[ sql ] [ DB ] CONNECT:[ UseTime:0.010432s ] mysql:host=127.0.0.1;dbname=apidoctool;charset=utf8
[ sql ] [ SQL ] SHOW COLUMNS FROM `doc_api` [ RunTime:0.005974s ]
[ sql ] [ SQL ] SELECT * FROM `doc_api` WHERE  `apiid` = 664 LIMIT 1 [ RunTime:0.000699s ]
[ sql ] [ SQL ] SHOW COLUMNS FROM `doc_projects` [ RunTime:0.004047s ]
[ sql ] [ SQL ] SELECT `project_name` FROM `doc_projects` WHERE  `projectid` = 1 LIMIT 1 [ RunTime:0.000801s ]
[ sql ] [ SQL ] SHOW COLUMNS FROM `doc_module` [ RunTime:0.004868s ]
[ sql ] [ SQL ] SELECT `module_name` FROM `doc_module` WHERE  `id` = 56 LIMIT 1 [ RunTime:0.001022s ]
[ sql ] [ SQL ] SHOW COLUMNS FROM `doc_users` [ RunTime:0.005201s ]
[ sql ] [ SQL ] SELECT * FROM `doc_users` WHERE  `userid` = 2 LIMIT 1 [ RunTime:0.000509s ]
[ sql ] [ SQL ] SELECT * FROM `doc_users` WHERE  `userid` = 2 LIMIT 1 [ RunTime:0.000391s ]
[ sql ] [ SQL ] SHOW COLUMNS FROM `doc_params` [ RunTime:0.005152s ]
[ sql ] [ SQL ] SELECT * FROM `doc_params` WHERE  `apiid` = 664  AND `data_type` = 0 [ RunTime:0.004444s ]
[ sql ] [ SQL ] SELECT * FROM `doc_params` WHERE  `apiid` = 664  AND `data_type` = 1 [ RunTime:0.004596s ]
[ sql ] [ SQL ] SHOW COLUMNS FROM `doc_statecode` [ RunTime:0.005675s ]
[ sql ] [ SQL ] SELECT * FROM `doc_statecode` WHERE  `apiid` = 664 [ RunTime:0.000608s ]
[ sql ] [ SQL ] SHOW COLUMNS FROM `doc_jurisdiction` [ RunTime:0.004155s ]
[ sql ] [ SQL ] SELECT `projectid` FROM `doc_jurisdiction` WHERE  `userid` = 2  AND `level` IN (1) [ RunTime:0.000521s ]
[ sql ] [ SQL ] SELECT * FROM `doc_projects` WHERE  `projectid` IN (1)  AND `is_logic_del` = 0 [ RunTime:0.000464s ]
[ sql ] [ SQL ] SELECT `username` FROM `doc_users` WHERE  `userid` = 1 LIMIT 1 [ RunTime:0.000374s ]
[ sql ] [ SQL ] SELECT `projectid` FROM `doc_jurisdiction` WHERE  `userid` = 2  AND `projectid` = 664  AND `level` = 1 [ RunTime:0.000664s ]
[ error ] [8]未定义变量: modules
---------------------------------------------------------------
[ 2018-11-12T10:42:02+08:00 ] 127.0.0.1 GET /admin/addDocapi/0/0/664
[ sql ] [ DB ] CONNECT:[ UseTime:0.011536s ] mysql:host=127.0.0.1;dbname=apidoctool;charset=utf8
[ sql ] [ SQL ] SHOW COLUMNS FROM `doc_api` [ RunTime:0.003911s ]
[ sql ] [ SQL ] SELECT * FROM `doc_api` WHERE  `apiid` = 664 LIMIT 1 [ RunTime:0.000723s ]
[ sql ] [ SQL ] SHOW COLUMNS FROM `doc_projects` [ RunTime:0.006964s ]
[ sql ] [ SQL ] SELECT `project_name` FROM `doc_projects` WHERE  `projectid` = 1 LIMIT 1 [ RunTime:0.000818s ]
[ sql ] [ SQL ] SHOW COLUMNS FROM `doc_module` [ RunTime:0.004972s ]
[ sql ] [ SQL ] SELECT `module_name` FROM `doc_module` WHERE  `id` = 56 LIMIT 1 [ RunTime:0.000507s ]
[ sql ] [ SQL ] SHOW COLUMNS FROM `doc_users` [ RunTime:0.007442s ]
[ sql ] [ SQL ] SELECT * FROM `doc_users` WHERE  `userid` = 2 LIMIT 1 [ RunTime:0.001399s ]
[ sql ] [ SQL ] SELECT * FROM `doc_users` WHERE  `userid` = 2 LIMIT 1 [ RunTime:0.000574s ]
[ sql ] [ SQL ] SHOW COLUMNS FROM `doc_params` [ RunTime:0.005373s ]
[ sql ] [ SQL ] SELECT * FROM `doc_params` WHERE  `apiid` = 664  AND `data_type` = 0 [ RunTime:0.006855s ]
[ sql ] [ SQL ] SELECT * FROM `doc_params` WHERE  `apiid` = 664  AND `data_type` = 1 [ RunTime:0.007007s ]
[ sql ] [ SQL ] SHOW COLUMNS FROM `doc_statecode` [ RunTime:0.006964s ]
[ sql ] [ SQL ] SELECT * FROM `doc_statecode` WHERE  `apiid` = 664 [ RunTime:0.000640s ]
[ sql ] [ SQL ] SHOW COLUMNS FROM `doc_jurisdiction` [ RunTime:0.008030s ]
[ sql ] [ SQL ] SELECT `projectid` FROM `doc_jurisdiction` WHERE  `userid` = 2  AND `level` IN (1) [ RunTime:0.000562s ]
[ sql ] [ SQL ] SELECT * FROM `doc_projects` WHERE  `projectid` IN (1)  AND `is_logic_del` = 0 [ RunTime:0.000550s ]
[ sql ] [ SQL ] SELECT `username` FROM `doc_users` WHERE  `userid` = 1 LIMIT 1 [ RunTime:0.000582s ]
[ sql ] [ SQL ] SELECT `projectid` FROM `doc_jurisdiction` WHERE  `userid` = 2  AND `projectid` = 664  AND `level` = 1 [ RunTime:0.001818s ]
[ error ] [8]未定义变量: modules
[ error ] [2]Invalid argument supplied for foreach()
---------------------------------------------------------------
[ 2018-11-12T10:43:38+08:00 ] 127.0.0.1 GET /admin/addDocapi/0/0/664
[ sql ] [ DB ] CONNECT:[ UseTime:0.010257s ] mysql:host=127.0.0.1;dbname=apidoctool;charset=utf8
[ sql ] [ SQL ] SHOW COLUMNS FROM `doc_api` [ RunTime:0.004551s ]
[ sql ] [ SQL ] SELECT * FROM `doc_api` WHERE  `apiid` = 664 LIMIT 1 [ RunTime:0.000780s ]
[ sql ] [ SQL ] SHOW COLUMNS FROM `doc_projects` [ RunTime:0.003739s ]
[ sql ] [ SQL ] SELECT `project_name` FROM `doc_projects` WHERE  `projectid` = 1 LIMIT 1 [ RunTime:0.000622s ]
[ sql ] [ SQL ] SHOW COLUMNS FROM `doc_module` [ RunTime:0.004679s ]
[ sql ] [ SQL ] SELECT `module_name` FROM `doc_module` WHERE  `id` = 56 LIMIT 1 [ RunTime:0.000516s ]
[ sql ] [ SQL ] SHOW COLUMNS FROM `doc_users` [ RunTime:0.004999s ]
[ sql ] [ SQL ] SELECT * FROM `doc_users` WHERE  `userid` = 2 LIMIT 1 [ RunTime:0.000658s ]
[ sql ] [ SQL ] SELECT * FROM `doc_users` WHERE  `userid` = 2 LIMIT 1 [ RunTime:0.000623s ]
[ sql ] [ SQL ] SHOW COLUMNS FROM `doc_params` [ RunTime:0.004775s ]
[ sql ] [ SQL ] SELECT * FROM `doc_params` WHERE  `apiid` = 664  AND `data_type` = 0 [ RunTime:0.004221s ]
[ sql ] [ SQL ] SELECT * FROM `doc_params` WHERE  `apiid` = 664  AND `data_type` = 1 [ RunTime:0.004217s ]
[ sql ] [ SQL ] SHOW COLUMNS FROM `doc_statecode` [ RunTime:0.004358s ]
[ sql ] [ SQL ] SELECT * FROM `doc_statecode` WHERE  `apiid` = 664 [ RunTime:0.000724s ]
[ sql ] [ SQL ] SHOW COLUMNS FROM `doc_jurisdiction` [ RunTime:0.003776s ]
[ sql ] [ SQL ] SELECT `projectid` FROM `doc_jurisdiction` WHERE  `userid` = 2  AND `level` IN (1) [ RunTime:0.000549s ]
[ sql ] [ SQL ] SELECT * FROM `doc_projects` WHERE  `projectid` IN (1)  AND `is_logic_del` = 0 [ RunTime:0.000794s ]
[ sql ] [ SQL ] SELECT `username` FROM `doc_users` WHERE  `userid` = 1 LIMIT 1 [ RunTime:0.000451s ]
[ sql ] [ SQL ] SELECT `projectid` FROM `doc_jurisdiction` WHERE  `userid` = 2  AND `projectid` = 1  AND `level` = 1 [ RunTime:0.000446s ]
[ sql ] [ SQL ] SELECT * FROM `doc_module` WHERE  `projectid` = 1  AND `is_logic_del` = 0 [ RunTime:0.000569s ]
[ sql ] [ SQL ] SELECT `username` FROM `doc_users` WHERE  `userid` = 2 LIMIT 1 [ RunTime:0.000893s ]
[ sql ] [ SQL ] SELECT `username` FROM `doc_users` WHERE  `userid` = 2 LIMIT 1 [ RunTime:0.000632s ]
[ sql ] [ SQL ] SELECT `username` FROM `doc_users` WHERE  `userid` = 2 LIMIT 1 [ RunTime:0.000427s ]
[ sql ] [ SQL ] SELECT `username` FROM `doc_users` WHERE  `userid` = 2 LIMIT 1 [ RunTime:0.000495s ]
[ sql ] [ SQL ] SELECT `username` FROM `doc_users` WHERE  `userid` = 2 LIMIT 1 [ RunTime:0.000891s ]
[ sql ] [ SQL ] SELECT `username` FROM `doc_users` WHERE  `userid` = 2 LIMIT 1 [ RunTime:0.000515s ]
[ sql ] [ SQL ] SELECT `username` FROM `doc_users` WHERE  `userid` = 2 LIMIT 1 [ RunTime:0.000442s ]
[ sql ] [ SQL ] SELECT `username` FROM `doc_users` WHERE  `userid` = 2 LIMIT 1 [ RunTime:0.000433s ]
[ sql ] [ SQL ] SELECT `username` FROM `doc_users` WHERE  `userid` = 2 LIMIT 1 [ RunTime:0.000442s ]
[ sql ] [ SQL ] SELECT `username` FROM `doc_users` WHERE  `userid` = 2 LIMIT 1 [ RunTime:0.000479s ]
[ sql ] [ SQL ] SELECT `username` FROM `doc_users` WHERE  `userid` = 2 LIMIT 1 [ RunTime:0.000425s ]
[ sql ] [ SQL ] SELECT `username` FROM `doc_users` WHERE  `userid` = 2 LIMIT 1 [ RunTime:0.000458s ]
[ sql ] [ SQL ] SELECT `username` FROM `doc_users` WHERE  `userid` = 2 LIMIT 1 [ RunTime:0.000561s ]
[ sql ] [ SQL ] SELECT `username` FROM `doc_users` WHERE  `userid` = 2 LIMIT 1 [ RunTime:0.000407s ]
[ sql ] [ SQL ] SELECT `username` FROM `doc_users` WHERE  `userid` = 2 LIMIT 1 [ RunTime:0.000389s ]
[ sql ] [ SQL ] SELECT `username` FROM `doc_users` WHERE  `userid` = 2 LIMIT 1 [ RunTime:0.000387s ]
[ sql ] [ SQL ] SELECT `username` FROM `doc_users` WHERE  `userid` = 2 LIMIT 1 [ RunTime:0.000480s ]
[ sql ] [ SQL ] SELECT `username` FROM `doc_users` WHERE  `userid` = 2 LIMIT 1 [ RunTime:0.000456s ]
[ sql ] [ SQL ] SELECT `username` FROM `doc_users` WHERE  `userid` = 2 LIMIT 1 [ RunTime:0.003861s ]
[ sql ] [ SQL ] SELECT `username` FROM `doc_users` WHERE  `userid` = 2 LIMIT 1 [ RunTime:0.001150s ]
[ sql ] [ SQL ] SELECT `username` FROM `doc_users` WHERE  `userid` = 2 LIMIT 1 [ RunTime:0.000651s ]
[ sql ] [ SQL ] SELECT `username` FROM `doc_users` WHERE  `userid` = 2 LIMIT 1 [ RunTime:0.000506s ]
[ sql ] [ SQL ] SELECT `username` FROM `doc_users` WHERE  `userid` = 2 LIMIT 1 [ RunTime:0.000390s ]
[ sql ] [ SQL ] SELECT `username` FROM `doc_users` WHERE  `userid` = 2 LIMIT 1 [ RunTime:0.000372s ]
[ sql ] [ SQL ] SELECT `username` FROM `doc_users` WHERE  `userid` = 2 LIMIT 1 [ RunTime:0.000366s ]
[ sql ] [ SQL ] SELECT `username` FROM `doc_users` WHERE  `userid` = 2 LIMIT 1 [ RunTime:0.000346s ]
[ sql ] [ SQL ] SELECT `username` FROM `doc_users` WHERE  `userid` = 2 LIMIT 1 [ RunTime:0.000387s ]
[ sql ] [ SQL ] SELECT `username` FROM `doc_users` WHERE  `userid` = 2 LIMIT 1 [ RunTime:0.000451s ]
[ sql ] [ SQL ] SELECT `username` FROM `doc_users` WHERE  `userid` = 2 LIMIT 1 [ RunTime:0.000480s ]
[ sql ] [ SQL ] SELECT `username` FROM `doc_users` WHERE  `userid` = 2 LIMIT 1 [ RunTime:0.000462s ]
[ sql ] [ SQL ] SELECT `username` FROM `doc_users` WHERE  `userid` = 2 LIMIT 1 [ RunTime:0.000482s ]
[ sql ] [ SQL ] SELECT `username` FROM `doc_users` WHERE  `userid` = 2 LIMIT 1 [ RunTime:0.000509s ]
[ sql ] [ SQL ] SELECT `username` FROM `doc_users` WHERE  `userid` = 2 LIMIT 1 [ RunTime:0.000993s ]
[ sql ] [ SQL ] SELECT `username` FROM `doc_users` WHERE  `userid` = 2 LIMIT 1 [ RunTime:0.000429s ]
[ sql ] [ SQL ] SELECT `username` FROM `doc_users` WHERE  `userid` = 2 LIMIT 1 [ RunTime:0.000374s ]
[ sql ] [ SQL ] SELECT `username` FROM `doc_users` WHERE  `userid` = 2 LIMIT 1 [ RunTime:0.000356s ]
[ sql ] [ SQL ] SELECT `username` FROM `doc_users` WHERE  `userid` = 2 LIMIT 1 [ RunTime:0.000419s ]
[ sql ] [ SQL ] SELECT `username` FROM `doc_users` WHERE  `userid` = 2 LIMIT 1 [ RunTime:0.000412s ]
[ sql ] [ SQL ] SELECT `username` FROM `doc_users` WHERE  `userid` = 2 LIMIT 1 [ RunTime:0.000398s ]
[ sql ] [ SQL ] SELECT `username` FROM `doc_users` WHERE  `userid` = 2 LIMIT 1 [ RunTime:0.000395s ]
[ sql ] [ SQL ] SELECT `username` FROM `doc_users` WHERE  `userid` = 2 LIMIT 1 [ RunTime:0.000377s ]
[ sql ] [ SQL ] SELECT `username` FROM `doc_users` WHERE  `userid` = 2 LIMIT 1 [ RunTime:0.000385s ]
[ sql ] [ SQL ] SELECT `username` FROM `doc_users` WHERE  `userid` = 2 LIMIT 1 [ RunTime:0.000365s ]
[ sql ] [ SQL ] SELECT `username` FROM `doc_users` WHERE  `userid` = 2 LIMIT 1 [ RunTime:0.000387s ]
[ sql ] [ SQL ] SELECT `username` FROM `doc_users` WHERE  `userid` = 2 LIMIT 1 [ RunTime:0.000742s ]
[ sql ] [ SQL ] SELECT `username` FROM `doc_users` WHERE  `userid` = 2 LIMIT 1 [ RunTime:0.000588s ]
[ sql ] [ SQL ] SELECT `username` FROM `doc_users` WHERE  `userid` = 2 LIMIT 1 [ RunTime:0.000505s ]
[ sql ] [ SQL ] SELECT `username` FROM `doc_users` WHERE  `userid` = 2 LIMIT 1 [ RunTime:0.000596s ]
[ sql ] [ SQL ] SELECT `username` FROM `doc_users` WHERE  `userid` = 2 LIMIT 1 [ RunTime:0.002160s ]
[ sql ] [ SQL ] SELECT `username` FROM `doc_users` WHERE  `userid` = 2 LIMIT 1 [ RunTime:0.000755s ]
[ sql ] [ SQL ] SELECT `username` FROM `doc_users` WHERE  `userid` = 2 LIMIT 1 [ RunTime:0.000558s ]
[ sql ] [ SQL ] SELECT `username` FROM `doc_users` WHERE  `userid` = 2 LIMIT 1 [ RunTime:0.000499s ]
[ sql ] [ SQL ] SELECT `username` FROM `doc_users` WHERE  `userid` = 2 LIMIT 1 [ RunTime:0.000681s ]
[ sql ] [ SQL ] SELECT `username` FROM `doc_users` WHERE  `userid` = 2 LIMIT 1 [ RunTime:0.001406s ]
[ sql ] [ SQL ] SELECT `username` FROM `doc_users` WHERE  `userid` = 2 LIMIT 1 [ RunTime:0.000531s ]
[ sql ] [ SQL ] SELECT `username` FROM `doc_users` WHERE  `userid` = 2 LIMIT 1 [ RunTime:0.000545s ]
[ sql ] [ SQL ] SELECT `username` FROM `doc_users` WHERE  `userid` = 2 LIMIT 1 [ RunTime:0.000474s ]
[ sql ] [ SQL ] SELECT `username` FROM `doc_users` WHERE  `userid` = 2 LIMIT 1 [ RunTime:0.000565s ]
[ sql ] [ SQL ] SELECT `username` FROM `doc_users` WHERE  `userid` = 2 LIMIT 1 [ RunTime:0.000476s ]
[ sql ] [ SQL ] SELECT `username` FROM `doc_users` WHERE  `userid` = 2 LIMIT 1 [ RunTime:0.000514s ]
[ sql ] [ SQL ] SELECT `username` FROM `doc_users` WHERE  `userid` = 2 LIMIT 1 [ RunTime:0.000627s ]
[ sql ] [ SQL ] SELECT `username` FROM `doc_users` WHERE  `userid` = 2 LIMIT 1 [ RunTime:0.000631s ]
[ sql ] [ SQL ] SELECT `username` FROM `doc_users` WHERE  `userid` = 2 LIMIT 1 [ RunTime:0.000517s ]
